Arguments: 
  C:\Program Files\nodejs\node.exe C:\Program Files (x86)\Yarn\bin\yarn.js add -D @tsconfig/svelte typescript svelte-preprocess svelte-check

PATH: 
  C:\Users\Fernando\bin;C:\Program Files\Git\mingw64\bin;C:\Program Files\Git\usr\local\bin;C:\Program Files\Git\usr\bin;C:\Program Files\Git\usr\bin;C:\Program Files\Git\mingw64\bin;C:\Program Files\Git\usr\bin;C:\Users\Fernando\bin;C:\Python310\Scripts;C:\Python310;C:\Python39\Scripts;C:\Python39;C:\Python38\Scripts;C:\Python38;C:\Program Files\Common Files\Oracle\Java\javapath;C:\Program Files\Microsoft MPI\Bin;C:\ProgramData\Oracle\Java\javapath;C:\Program Files (x86)\Common Files\Oracle\Java\javapath;C:\Program Files (x86)\Intel\iCLS Client;C:\Program Files\Intel\iCLS Client;C:\Windows\system32;C:\Windows;C:\Windows\System32\Wbem;C:\Windows\System32\WindowsPowerShell\v1.0;C:\Program Files (x86)\Intel\Intel(R) Management Engine Components\DAL;C:\Program Files\Intel\Intel(R) Management Engine Components\DAL;C:\Program Files (x86)\Intel\Intel(R) Management Engine Components\IPT;C:\Program Files\Intel\Intel(R) Management Engine Components\IPT;C:\Program Files (x86)\NVIDIA Corporation\PhysX\Common;C:\Program Files\Intel\WiFi\bin;C:\Program Files\Common Files\Intel\WirelessCommon;C:\Program Files\dotnet;C:\WINDOWS\system32;C:\WINDOWS;C:\WINDOWS\System32\Wbem;C:\WINDOWS\System32\WindowsPowerShell\v1.0;C:\WINDOWS\System32\OpenSSH;C:\Program Files\Git\cmd;C:\Program Files\Microsoft SQL Server\Client SDK\ODBC\130\Tools\Binn;C:\Program Files (x86)\Microsoft SQL Server\140\Tools\Binn;C:\Program Files\Microsoft SQL Server\140\Tools\Binn;C:\Program Files\Microsoft SQL Server\140\DTS\Binn;C:\Program Files (x86)\Microsoft SQL Server\150\DTS\Binn;C:\HashiCorp\Vagrant\bin;C:\ProgramData\chocolatey\bin;C:\Program Files\Git LFS;C:\Program Files\Microsoft SQL Server\130\Tools\Binn;C:\Program Files\Microsoft SQL Server\Client SDK\ODBC\170\Tools\Binn;C:\Program Files (x86)\Yarn\bin;C:\ProgramData\chocolatey\lib\Elixir\bin;C:\Program Files\erl-24.1\bin;C:\Program Files (x86)\Elixir\bin;C:\Users\Fernando\.mix\escripts;C:\Program Files\Docker\Docker\resources\bin;C:\ProgramData\DockerDesktop\version-bin;C:\Program Files\nodejs;C:\Program Files\NVIDIA Corporation\NVIDIA NvDLISR;C:\Users\Fernando\AppData\Local\Microsoft\WindowsApps;C:\Users\Fernando\AppData\Local\atom\bin;C:\Users\Fernando\AppData\Local\Microsoft\WindowsApps;C:\Users\Fernando\Documents;C:\Program Files\heroku\bin;C:\Users\Fernando\AppData\Local\.meteor;C:\Users\Fernando\AppData\Local\GitHubDesktop\bin;C:\Users\Fernando\.dotnet\tools;C:\flutter\bin;C:\Users\Fernando\.android\avd;C:\Users\Fernando\AppData\Local\Yarn\bin;C:\Users\Fernando\AppData\Local\Programs\Microsoft VS Code\bin;C:\Users\Fernando\AppData\Roaming\npm;C:\Program Files\Git\usr\bin\vendor_perl;C:\Program Files\Git\usr\bin\core_perl

Yarn version: 
  1.22.5

Node version: 
  16.18.0

Platform: 
  win32 x64

Trace: 
  Error: https://registry.yarnpkg.com/typescript/-/typescript-4.9.4.tgz: ESOCKETTIMEDOUT
      at ClientRequest.<anonymous> (C:\Program Files (x86)\Yarn\lib\cli.js:141376:19)
      at Object.onceWrapper (node:events:627:28)
      at ClientRequest.emit (node:events:513:28)
      at TLSSocket.emitRequestTimeout (node:_http_client:839:9)
      at Object.onceWrapper (node:events:627:28)
      at TLSSocket.emit (node:events:525:35)
      at TLSSocket.Socket._onTimeout (node:net:550:8)
      at listOnTimeout (node:internal/timers:559:17)
      at processTimers (node:internal/timers:502:7)

npm manifest: 
  {
    "devDependencies": {
      "glob": "^7.2.0",
      "esbuild": "^0.14.11",
      "svelte": "^3.46.1"
    },
    "dependencies": {
      "phoenix": "file:../deps/phoenix",
      "phoenix_html": "file:../deps/phoenix_html",
      "phoenix_live_view": "file:../deps/phoenix_live_view"
    }
  }

yarn manifest: 
  No manifest

Lockfile: 
  No lockfile
